Using Theano backend.
/usr/lib/python2.7/site-packages/sklearn/cross_validation.py:44: DeprecationWarning: This module was deprecated in version 0.18 in favor of the model_selection module into which all the refactored classes and functions are moved. Also note that the interface of the new CV iterators are different from that of this module. This module will be removed in 0.20.
  "This module will be removed in 0.20.", DeprecationWarning)
Starting ...
Creating dataset ...
Found 2732 images belonging to 3 classes.
Found 910 images belonging to 3 classes.
Done!!
Creating model ...
Done!!
Fitting model to the input ...
/usr/lib/python2.7/site-packages/keras/engine/training.py:1462: UserWarning: Epoch comprised more than `samples_per_epoch` samples, which might affect learning results. Set `samples_per_epoch` correctly to avoid this warning.
  warnings.warn('Epoch comprised more than '
Epoch 1/3
6972s - loss: 0.4082 - acc: 0.8320 - val_loss: 9.6217e-05 - val_acc: 1.0000
Epoch 2/3
6949s - loss: 0.0254 - acc: 0.9940 - val_loss: 1.1921e-07 - val_acc: 1.0000
Epoch 3/3
6951s - loss: 0.2162 - acc: 0.9421 - val_loss: 0.0035 - val_acc: 1.0000
Done!!
Saved model to disk
